2023-07-25 15:11:27,331 INFO o.a.j.u.JMeterUtils: Setting Locale to en_US
2023-07-25 15:11:27,537 INFO o.a.j.JMeter: Loading user properties from: user.properties
2023-07-25 15:11:27,578 INFO o.a.j.JMeter: Loading system properties from: system.properties
2023-07-25 15:11:27,663 INFO o.a.j.JMeter: Copyright (c) 1998-2023 The Apache Software Foundation
2023-07-25 15:11:27,664 INFO o.a.j.JMeter: Version 5.6.2
2023-07-25 15:11:27,664 INFO o.a.j.JMeter: java.version=1.8.0_261
2023-07-25 15:11:27,665 INFO o.a.j.JMeter: java.vm.name=Java HotSpot(TM) 64-Bit Server VM
2023-07-25 15:11:27,665 INFO o.a.j.JMeter: os.name=Windows 10
2023-07-25 15:11:27,665 INFO o.a.j.JMeter: os.arch=amd64
2023-07-25 15:11:27,665 INFO o.a.j.JMeter: os.version=10.0
2023-07-25 15:11:27,666 INFO o.a.j.JMeter: file.encoding=Cp1252
2023-07-25 15:11:27,666 INFO o.a.j.JMeter: java.awt.headless=null
2023-07-25 15:11:27,666 INFO o.a.j.JMeter: Max memory     =1888485376
2023-07-25 15:11:27,666 INFO o.a.j.JMeter: Available Processors =4
2023-07-25 15:11:27,724 INFO o.a.j.JMeter: Default Locale=English (United States)
2023-07-25 15:11:27,725 INFO o.a.j.JMeter: JMeter  Locale=English (United States)
2023-07-25 15:11:27,726 INFO o.a.j.JMeter: JMeterHome=D:\Perfgit\apache-jmeter-5.6.2
2023-07-25 15:11:27,726 INFO o.a.j.JMeter: user.dir  =D:\Perfgit\apache-jmeter-5.6.2\bin
2023-07-25 15:11:27,727 INFO o.a.j.JMeter: PWD       =D:\Perfgit\apache-jmeter-5.6.2\bin
2023-07-25 15:11:27,730 INFO o.a.j.JMeter: IP: 192.168.56.1 Name: DESKTOP-L7C2P7N FullName: DESKTOP-L7C2P7N
2023-07-25 15:11:27,956 INFO o.a.j.JMeter: Loaded icon properties from org/apache/jmeter/images/icon.properties
2023-07-25 15:11:29,936 INFO o.a.j.JMeterGuiLauncher: Setting LAF to: com.github.weisj.darklaf.DarkLaf:com.github.weisj.darklaf.theme.IntelliJTheme
2023-07-25 15:11:38,842 INFO o.a.j.r.ClassFinder: Will scan jar D:\Perfgit\apache-jmeter-5.6.2\lib\ext\json-lib-2.4-jdk15.jar with filter ExtendsClassFilter [parents=[interface org.apache.jmeter.gui.action.Command], inner=false, contains=null, notContains=null]. Consider exposing JMeter plugins via META-INF/services, and add JMeter-Skip-Class-Scanning=true manifest attribute so JMeter can skip classfile scanning
2023-07-25 15:11:39,008 INFO o.a.j.r.ClassFinder: Will scan jar D:\Perfgit\apache-jmeter-5.6.2\lib\ext\cmdrunner-2.3.jar with filter ExtendsClassFilter [parents=[interface org.apache.jmeter.gui.action.Command], inner=false, contains=null, notContains=null]. Consider exposing JMeter plugins via META-INF/services, and add JMeter-Skip-Class-Scanning=true manifest attribute so JMeter can skip classfile scanning
2023-07-25 15:11:39,062 INFO o.a.j.r.ClassFinder: Will scan jar D:\Perfgit\apache-jmeter-5.6.2\lib\ext\jmeter-plugins-manager-1.9.jar with filter ExtendsClassFilter [parents=[interface org.apache.jmeter.gui.action.Command], inner=false, contains=null, notContains=null]. Consider exposing JMeter plugins via META-INF/services, and add JMeter-Skip-Class-Scanning=true manifest attribute so JMeter can skip classfile scanning
2023-07-25 15:11:40,325 INFO o.a.j.r.ClassFinder: Will scan jar D:\Perfgit\apache-jmeter-5.6.2\lib\ext\jmeter-plugins-cmn-jmeter-0.7.jar with filter ExtendsClassFilter [parents=[interface org.apache.jmeter.gui.action.Command], inner=false, contains=null, notContains=null]. Consider exposing JMeter plugins via META-INF/services, and add JMeter-Skip-Class-Scanning=true manifest attribute so JMeter can skip classfile scanning
2023-07-25 15:11:40,612 INFO o.a.j.r.ClassFinder: Will scan jar D:\Perfgit\apache-jmeter-5.6.2\lib\ext\jmeter-plugins-dummy-0.4.jar with filter ExtendsClassFilter [parents=[interface org.apache.jmeter.gui.action.Command], inner=false, contains=null, notContains=null]. Consider exposing JMeter plugins via META-INF/services, and add JMeter-Skip-Class-Scanning=true manifest attribute so JMeter can skip classfile scanning
2023-07-25 15:11:41,262 INFO o.a.j.r.ClassFinder: Will scan jar D:\Perfgit\apache-jmeter-5.6.2\lib\ext\json-lib-2.4-jdk15.jar with filter ExtendsClassFilter [parents=[interface org.apache.jmeter.gui.plugin.MenuCreator], inner=false, contains=null, notContains=null]. Consider exposing JMeter plugins via META-INF/services, and add JMeter-Skip-Class-Scanning=true manifest attribute so JMeter can skip classfile scanning
2023-07-25 15:11:41,287 INFO o.a.j.r.ClassFinder: Will scan jar D:\Perfgit\apache-jmeter-5.6.2\lib\ext\cmdrunner-2.3.jar with filter ExtendsClassFilter [parents=[interface org.apache.jmeter.gui.plugin.MenuCreator], inner=false, contains=null, notContains=null]. Consider exposing JMeter plugins via META-INF/services, and add JMeter-Skip-Class-Scanning=true manifest attribute so JMeter can skip classfile scanning
2023-07-25 15:11:41,297 INFO o.a.j.r.ClassFinder: Will scan jar D:\Perfgit\apache-jmeter-5.6.2\lib\ext\jmeter-plugins-manager-1.9.jar with filter ExtendsClassFilter [parents=[interface org.apache.jmeter.gui.plugin.MenuCreator], inner=false, contains=null, notContains=null]. Consider exposing JMeter plugins via META-INF/services, and add JMeter-Skip-Class-Scanning=true manifest attribute so JMeter can skip classfile scanning
2023-07-25 15:11:41,310 INFO o.a.j.r.ClassFinder: Will scan jar D:\Perfgit\apache-jmeter-5.6.2\lib\ext\jmeter-plugins-cmn-jmeter-0.7.jar with filter ExtendsClassFilter [parents=[interface org.apache.jmeter.gui.plugin.MenuCreator], inner=false, contains=null, notContains=null]. Consider exposing JMeter plugins via META-INF/services, and add JMeter-Skip-Class-Scanning=true manifest attribute so JMeter can skip classfile scanning
2023-07-25 15:11:41,316 INFO o.a.j.r.ClassFinder: Will scan jar D:\Perfgit\apache-jmeter-5.6.2\lib\ext\jmeter-plugins-dummy-0.4.jar with filter ExtendsClassFilter [parents=[interface org.apache.jmeter.gui.plugin.MenuCreator], inner=false, contains=null, notContains=null]. Consider exposing JMeter plugins via META-INF/services, and add JMeter-Skip-Class-Scanning=true manifest attribute so JMeter can skip classfile scanning
2023-07-25 15:11:45,542 INFO o.j.r.JARSourceHTTP: Requesting https://jmeter-plugins.org/repo/?installID=windows_10-180d8b08fec0f47e937498a09365a00c-gui
2023-07-25 15:11:59,523 INFO o.j.r.PluginManager: Plugins Status: [jpgc-dummy=0.4, jpgc-plugins-manager=1.9, jmeter-core=5.6.2, jmeter-ftp=5.6.2, jmeter-http=5.6.2, jmeter-jdbc=5.6.2, jmeter-jms=5.6.2, jmeter-junit=5.6.2, jmeter-java=5.6.2, jmeter-ldap=5.6.2, jmeter-mail=5.6.2, jmeter-mongodb=5.6.2, jmeter-native=5.6.2, jmeter-tcp=5.6.2, jmeter-components=5.6.2]
2023-07-25 15:13:31,232 INFO o.a.j.e.KeyToolUtils: keytool found at 'keytool'
2023-07-25 15:13:31,235 INFO o.a.j.p.h.p.ProxyControl: HTTP(S) Test Script Recorder SSL Proxy will use keys that support embedded 3rd party resources in file D:\Perfgit\apache-jmeter-5.6.2\bin\proxyserver.jks
2023-07-25 15:13:34,739 INFO o.a.j.s.SampleResult: Note: Sample TimeStamps are START times
2023-07-25 15:13:34,741 INFO o.a.j.s.SampleResult: sampleresult.default.encoding is set to UTF-8
2023-07-25 15:13:34,742 INFO o.a.j.s.SampleResult: sampleresult.useNanoTime=true
2023-07-25 15:13:34,743 INFO o.a.j.s.SampleResult: sampleresult.nanoThreadSleep=5000
2023-07-25 15:13:36,472 INFO o.a.j.r.ClassFinder: Will scan jar D:\Perfgit\apache-jmeter-5.6.2\lib\ext\json-lib-2.4-jdk15.jar with filter ExtendsClassFilter [parents=[interface org.apache.jmeter.visualizers.ResultRenderer], inner=false, contains=null, notContains=null]. Consider exposing JMeter plugins via META-INF/services, and add JMeter-Skip-Class-Scanning=true manifest attribute so JMeter can skip classfile scanning
2023-07-25 15:13:36,477 INFO o.a.j.r.ClassFinder: Will scan jar D:\Perfgit\apache-jmeter-5.6.2\lib\ext\cmdrunner-2.3.jar with filter ExtendsClassFilter [parents=[interface org.apache.jmeter.visualizers.ResultRenderer], inner=false, contains=null, notContains=null]. Consider exposing JMeter plugins via META-INF/services, and add JMeter-Skip-Class-Scanning=true manifest attribute so JMeter can skip classfile scanning
2023-07-25 15:13:36,489 INFO o.a.j.r.ClassFinder: Will scan jar D:\Perfgit\apache-jmeter-5.6.2\lib\ext\jmeter-plugins-manager-1.9.jar with filter ExtendsClassFilter [parents=[interface org.apache.jmeter.visualizers.ResultRenderer], inner=false, contains=null, notContains=null]. Consider exposing JMeter plugins via META-INF/services, and add JMeter-Skip-Class-Scanning=true manifest attribute so JMeter can skip classfile scanning
2023-07-25 15:13:36,507 INFO o.a.j.r.ClassFinder: Will scan jar D:\Perfgit\apache-jmeter-5.6.2\lib\ext\jmeter-plugins-cmn-jmeter-0.7.jar with filter ExtendsClassFilter [parents=[interface org.apache.jmeter.visualizers.ResultRenderer], inner=false, contains=null, notContains=null]. Consider exposing JMeter plugins via META-INF/services, and add JMeter-Skip-Class-Scanning=true manifest attribute so JMeter can skip classfile scanning
2023-07-25 15:13:36,515 INFO o.a.j.r.ClassFinder: Will scan jar D:\Perfgit\apache-jmeter-5.6.2\lib\ext\jmeter-plugins-dummy-0.4.jar with filter ExtendsClassFilter [parents=[interface org.apache.jmeter.visualizers.ResultRenderer], inner=false, contains=null, notContains=null]. Consider exposing JMeter plugins via META-INF/services, and add JMeter-Skip-Class-Scanning=true manifest attribute so JMeter can skip classfile scanning
2023-07-25 15:13:36,626 INFO o.a.j.r.ClassFinder: Will scan jar D:\Perfgit\apache-jmeter-5.6.2\lib\ext\json-lib-2.4-jdk15.jar with filter ExtendsClassFilter [parents=[interface org.apache.jmeter.visualizers.RequestView], inner=false, contains=null, notContains=null]. Consider exposing JMeter plugins via META-INF/services, and add JMeter-Skip-Class-Scanning=true manifest attribute so JMeter can skip classfile scanning
2023-07-25 15:13:36,634 INFO o.a.j.r.ClassFinder: Will scan jar D:\Perfgit\apache-jmeter-5.6.2\lib\ext\cmdrunner-2.3.jar with filter ExtendsClassFilter [parents=[interface org.apache.jmeter.visualizers.RequestView], inner=false, contains=null, notContains=null]. Consider exposing JMeter plugins via META-INF/services, and add JMeter-Skip-Class-Scanning=true manifest attribute so JMeter can skip classfile scanning
2023-07-25 15:13:36,640 INFO o.a.j.r.ClassFinder: Will scan jar D:\Perfgit\apache-jmeter-5.6.2\lib\ext\jmeter-plugins-manager-1.9.jar with filter ExtendsClassFilter [parents=[interface org.apache.jmeter.visualizers.RequestView], inner=false, contains=null, notContains=null]. Consider exposing JMeter plugins via META-INF/services, and add JMeter-Skip-Class-Scanning=true manifest attribute so JMeter can skip classfile scanning
2023-07-25 15:13:36,657 INFO o.a.j.r.ClassFinder: Will scan jar D:\Perfgit\apache-jmeter-5.6.2\lib\ext\jmeter-plugins-cmn-jmeter-0.7.jar with filter ExtendsClassFilter [parents=[interface org.apache.jmeter.visualizers.RequestView], inner=false, contains=null, notContains=null]. Consider exposing JMeter plugins via META-INF/services, and add JMeter-Skip-Class-Scanning=true manifest attribute so JMeter can skip classfile scanning
2023-07-25 15:13:36,663 INFO o.a.j.r.ClassFinder: Will scan jar D:\Perfgit\apache-jmeter-5.6.2\lib\ext\jmeter-plugins-dummy-0.4.jar with filter ExtendsClassFilter [parents=[interface org.apache.jmeter.visualizers.RequestView], inner=false, contains=null, notContains=null]. Consider exposing JMeter plugins via META-INF/services, and add JMeter-Skip-Class-Scanning=true manifest attribute so JMeter can skip classfile scanning
2023-07-25 15:14:47,510 INFO o.a.j.e.u.CompoundVariable: Note: Function class names must contain the string: '.functions.'
2023-07-25 15:14:47,510 INFO o.a.j.e.u.CompoundVariable: Note: Function class names must not contain the string: '.gui.'
2023-07-25 15:14:50,272 INFO o.a.j.r.ClassFinder: Will scan jar D:\Perfgit\apache-jmeter-5.6.2\lib\ext\json-lib-2.4-jdk15.jar with filter ExtendsClassFilter [parents=[interface org.apache.jmeter.functions.Function], inner=false, contains=null, notContains=null]. Consider exposing JMeter plugins via META-INF/services, and add JMeter-Skip-Class-Scanning=true manifest attribute so JMeter can skip classfile scanning
2023-07-25 15:14:50,281 INFO o.a.j.r.ClassFinder: Will scan jar D:\Perfgit\apache-jmeter-5.6.2\lib\ext\cmdrunner-2.3.jar with filter ExtendsClassFilter [parents=[interface org.apache.jmeter.functions.Function], inner=false, contains=null, notContains=null]. Consider exposing JMeter plugins via META-INF/services, and add JMeter-Skip-Class-Scanning=true manifest attribute so JMeter can skip classfile scanning
2023-07-25 15:14:50,288 INFO o.a.j.r.ClassFinder: Will scan jar D:\Perfgit\apache-jmeter-5.6.2\lib\ext\jmeter-plugins-manager-1.9.jar with filter ExtendsClassFilter [parents=[interface org.apache.jmeter.functions.Function], inner=false, contains=null, notContains=null]. Consider exposing JMeter plugins via META-INF/services, and add JMeter-Skip-Class-Scanning=true manifest attribute so JMeter can skip classfile scanning
2023-07-25 15:14:50,298 INFO o.a.j.r.ClassFinder: Will scan jar D:\Perfgit\apache-jmeter-5.6.2\lib\ext\jmeter-plugins-cmn-jmeter-0.7.jar with filter ExtendsClassFilter [parents=[interface org.apache.jmeter.functions.Function], inner=false, contains=null, notContains=null]. Consider exposing JMeter plugins via META-INF/services, and add JMeter-Skip-Class-Scanning=true manifest attribute so JMeter can skip classfile scanning
2023-07-25 15:14:50,305 INFO o.a.j.r.ClassFinder: Will scan jar D:\Perfgit\apache-jmeter-5.6.2\lib\ext\jmeter-plugins-dummy-0.4.jar with filter ExtendsClassFilter [parents=[interface org.apache.jmeter.functions.Function], inner=false, contains=null, notContains=null]. Consider exposing JMeter plugins via META-INF/services, and add JMeter-Skip-Class-Scanning=true manifest attribute so JMeter can skip classfile scanning
2023-07-25 15:14:55,167 INFO o.a.j.p.h.p.ProxyControl: Valid alias found for :root_ca:
2023-07-25 15:14:55,167 INFO o.a.j.p.h.p.ProxyControl: Valid alias found for :intermediate_ca:
2023-07-25 15:14:55,178 INFO o.a.j.p.h.p.Daemon: Creating Daemon Socket on port: 7777
2023-07-25 15:14:55,191 INFO o.a.j.p.h.p.Daemon: Test Script Recorder up and running!
2023-07-25 15:14:55,253 INFO o.a.j.r.ClassFinder: Will scan jar D:\Perfgit\apache-jmeter-5.6.2\lib\ext\json-lib-2.4-jdk15.jar with filter ExtendsClassFilter [parents=[interface org.apache.jmeter.protocol.http.proxy.SamplerCreator], inner=false, contains=null, notContains=null]. Consider exposing JMeter plugins via META-INF/services, and add JMeter-Skip-Class-Scanning=true manifest attribute so JMeter can skip classfile scanning
2023-07-25 15:14:55,258 INFO o.a.j.r.ClassFinder: Will scan jar D:\Perfgit\apache-jmeter-5.6.2\lib\ext\cmdrunner-2.3.jar with filter ExtendsClassFilter [parents=[interface org.apache.jmeter.protocol.http.proxy.SamplerCreator], inner=false, contains=null, notContains=null]. Consider exposing JMeter plugins via META-INF/services, and add JMeter-Skip-Class-Scanning=true manifest attribute so JMeter can skip classfile scanning
2023-07-25 15:14:55,312 INFO o.a.j.r.ClassFinder: Will scan jar D:\Perfgit\apache-jmeter-5.6.2\lib\ext\jmeter-plugins-manager-1.9.jar with filter ExtendsClassFilter [parents=[interface org.apache.jmeter.protocol.http.proxy.SamplerCreator], inner=false, contains=null, notContains=null]. Consider exposing JMeter plugins via META-INF/services, and add JMeter-Skip-Class-Scanning=true manifest attribute so JMeter can skip classfile scanning
2023-07-25 15:14:55,328 INFO o.a.j.r.ClassFinder: Will scan jar D:\Perfgit\apache-jmeter-5.6.2\lib\ext\jmeter-plugins-cmn-jmeter-0.7.jar with filter ExtendsClassFilter [parents=[interface org.apache.jmeter.protocol.http.proxy.SamplerCreator], inner=false, contains=null, notContains=null]. Consider exposing JMeter plugins via META-INF/services, and add JMeter-Skip-Class-Scanning=true manifest attribute so JMeter can skip classfile scanning
2023-07-25 15:14:55,335 INFO o.a.j.r.ClassFinder: Will scan jar D:\Perfgit\apache-jmeter-5.6.2\lib\ext\jmeter-plugins-dummy-0.4.jar with filter ExtendsClassFilter [parents=[interface org.apache.jmeter.protocol.http.proxy.SamplerCreator], inner=false, contains=null, notContains=null]. Consider exposing JMeter plugins via META-INF/services, and add JMeter-Skip-Class-Scanning=true manifest attribute so JMeter can skip classfile scanning
2023-07-25 15:14:55,338 INFO o.a.j.p.h.p.Proxy: Proxy will remove the headers: If-Modified-Since,If-None-Match,Host
2023-07-25 15:14:55,359 INFO o.a.j.p.h.p.ProxyControl: [2712]  Creating entry push.services.mozilla.com in D:\Perfgit\apache-jmeter-5.6.2\bin\proxyserver.jks
2023-07-25 15:15:08,901 INFO o.a.j.p.h.s.HTTPSamplerBase: Parser for text/html is org.apache.jmeter.protocol.http.parser.LagartoBasedHtmlParser
2023-07-25 15:15:08,903 INFO o.a.j.p.h.s.HTTPSamplerBase: Parser for application/xhtml+xml is org.apache.jmeter.protocol.http.parser.LagartoBasedHtmlParser
2023-07-25 15:15:08,903 INFO o.a.j.p.h.s.HTTPSamplerBase: Parser for application/xml is org.apache.jmeter.protocol.http.parser.LagartoBasedHtmlParser
2023-07-25 15:15:08,904 INFO o.a.j.p.h.s.HTTPSamplerBase: Parser for text/xml is org.apache.jmeter.protocol.http.parser.LagartoBasedHtmlParser
2023-07-25 15:15:08,904 INFO o.a.j.p.h.s.HTTPSamplerBase: Parser for text/vnd.wap.wml is org.apache.jmeter.protocol.http.parser.RegexpHTMLParser
2023-07-25 15:15:08,905 INFO o.a.j.p.h.s.HTTPSamplerBase: Parser for text/css is org.apache.jmeter.protocol.http.parser.CssParser
2023-07-25 15:15:08,985 INFO o.a.j.p.h.s.HTTPHCAbstractImpl: Local host = DESKTOP-L7C2P7N
2023-07-25 15:15:09,056 INFO o.a.j.p.h.s.HTTPHC4Impl: HTTP request retry count = 0
2023-07-25 15:15:10,421 INFO o.a.j.p.h.p.ProxyControl: [2713]  Creating entry firefox.settings.services.mozilla.com in D:\Perfgit\apache-jmeter-5.6.2\bin\proxyserver.jks
2023-07-25 15:15:10,504 INFO o.a.j.p.h.p.Proxy: [2712]  KeyStore for SSL loaded OK and put host 'push.services.mozilla.com' in map with key (push.services.mozilla.com)
2023-07-25 15:15:11,195 INFO o.a.j.s.SampleEvent: List of sample_variables: []
2023-07-25 15:15:11,338 INFO o.a.j.p.h.p.ProxyControl: Add sample /canonical.html-1 into controller 
2023-07-25 15:15:12,103 WARN o.a.j.p.h.p.Proxy: [2712]  Problem with SSL certificate for url  for 'push.services.mozilla.com'? Ensure browser is set to accept the JMeter proxy cert: Received fatal alert: unknown_ca
2023-07-25 15:15:12,325 INFO o.a.j.p.h.p.Proxy: [2722]  KeyStore for SSL loaded OK and put host 'incoming.telemetry.mozilla.org' in map with key (incoming.telemetry.mozilla.org)
2023-07-25 15:15:13,539 INFO o.a.j.p.h.p.ProxyControl: Add sample /success.txt-3 into controller 
2023-07-25 15:15:13,738 INFO o.a.j.p.h.p.ProxyControl: Add sample /success.txt-2 into controller 
2023-07-25 15:15:13,893 INFO o.a.j.p.h.p.ProxyControl: Add sample /canonical.html-4 into controller 
2023-07-25 15:15:14,042 INFO o.a.j.p.h.p.ProxyControl: Add sample /success.txt-5 into controller 
2023-07-25 15:15:14,184 INFO o.a.j.p.h.p.ProxyControl: Add sample /success.txt-6 into controller 
2023-07-25 15:15:16,055 WARN o.a.j.p.h.p.Proxy: [2722]  Problem with SSL certificate for url  for 'incoming.telemetry.mozilla.org'? Ensure browser is set to accept the JMeter proxy cert: Received fatal alert: unknown_ca
2023-07-25 15:15:16,129 WARN o.a.j.p.h.p.Proxy: [2721]  Problem with SSL certificate for url  for 'incoming.telemetry.mozilla.org'? Ensure browser is set to accept the JMeter proxy cert: Received fatal alert: unknown_ca
2023-07-25 15:15:16,177 WARN o.a.j.p.h.p.Proxy: [2725]  Problem with SSL certificate for url  for 'incoming.telemetry.mozilla.org'? Ensure browser is set to accept the JMeter proxy cert: Received fatal alert: unknown_ca
2023-07-25 15:15:16,424 INFO o.a.j.p.h.p.ProxyControl: Add sample /canonical.html-7 into controller 
2023-07-25 15:15:16,570 INFO o.a.j.p.h.p.ProxyControl: Add sample /success.txt-8 into controller 
2023-07-25 15:15:16,781 INFO o.a.j.p.h.p.ProxyControl: Add sample /success.txt-9 into controller 
2023-07-25 15:15:17,579 WARN o.a.j.p.h.p.Proxy: [2732]  Problem with SSL certificate for url  for 'incoming.telemetry.mozilla.org'? Ensure browser is set to accept the JMeter proxy cert: Received fatal alert: unknown_ca
2023-07-25 15:15:19,111 INFO o.a.j.p.h.p.ProxyControl: Add sample /canonical.html-11 into controller 
2023-07-25 15:15:19,139 WARN o.a.j.p.h.p.Proxy: [2739]  Problem with SSL certificate for url  for 'incoming.telemetry.mozilla.org'? Ensure browser is set to accept the JMeter proxy cert: Received fatal alert: unknown_ca
2023-07-25 15:15:19,186 INFO o.a.j.p.h.p.ProxyControl: Add sample /jpetstore/actions/Catalog.action-10 into controller 
2023-07-25 15:15:19,272 INFO o.a.j.p.h.p.ProxyControl: Add sample /success.txt-13 into controller 
2023-07-25 15:15:19,340 INFO o.a.j.p.h.p.ProxyControl: Add sample /success.txt-12 into controller 
2023-07-25 15:15:19,416 INFO o.a.j.p.h.p.ProxyControl: Add sample /jpetstore/ruxitagentjs_ICA2NVfqru_10267230522124059.js-14 into controller 
2023-07-25 15:15:19,469 INFO o.a.j.p.h.p.ProxyControl: Add sample /canonical.html-15 into controller 
2023-07-25 15:15:19,569 INFO o.a.j.p.h.p.ProxyControl: Add sample /success.txt-16 into controller 
2023-07-25 15:15:19,629 INFO o.a.j.p.h.p.ProxyControl: Add sample /success.txt-17 into controller 
2023-07-25 15:15:22,093 INFO o.a.j.p.h.p.ProxyControl: Add sample /jpetstore/rb_bf90579hna?type=js3&sn=v_4_srv_5_sn_81B28612072E7E9ABA8BF13DBB4111CF_perc_100000_ol_0_mul_1_app-3Aea7c4b59f27d43eb_1&svrid=5&flavor=post&vi=OCQPRMAUUQJKDDPFUUTHAAOVVDNSWJIK-0&modifiedSince=1690272736428&rf=http%3A%2F%2Flocalhost%3A8080%2Fjpetstore%2Factions%2FCatalog.action&bp=3&app=ea7c4b59f27d43eb&crc=575157272&en=n03gc9t4&end=1-18 into controller 
2023-07-25 15:15:22,419 INFO o.a.j.p.h.p.ProxyControl: Add sample /jpetstore/rb_bf90579hna?type=js3&sn=v_4_srv_5_sn_81B28612072E7E9ABA8BF13DBB4111CF_perc_100000_ol_0_mul_1_app-3Aea7c4b59f27d43eb_1&svrid=5&flavor=post&vi=OCQPRMAUUQJKDDPFUUTHAAOVVDNSWJIK-0&modifiedSince=1690272736428&rf=http%3A%2F%2Flocalhost%3A8080%2Fjpetstore%2Factions%2FCatalog.action&bp=3&app=ea7c4b59f27d43eb&crc=3936757955&en=n03gc9t4&end=1-19 into controller 
2023-07-25 15:15:22,523 INFO o.a.j.p.h.p.ProxyControl: Add sample /jpetstore/actions/Account.action;jsessionid=3763EB06F8AB64E11EB4B468267C7C31-20 into controller 
2023-07-25 15:15:22,575 INFO o.a.j.p.h.p.ProxyControl: Add sample /jpetstore/rb_bf90579hna?type=js3&sn=v_4_srv_5_sn_81B28612072E7E9ABA8BF13DBB4111CF_perc_100000_ol_0_mul_1_app-3Aea7c4b59f27d43eb_1&svrid=5&flavor=post&vi=OCQPRMAUUQJKDDPFUUTHAAOVVDNSWJIK-0&modifiedSince=1690272736428&rf=http%3A%2F%2Flocalhost%3A8080%2Fjpetstore%2Factions%2FCatalog.action&bp=3&app=ea7c4b59f27d43eb&crc=575157272&en=n03gc9t4&end=1-21 into controller 
2023-07-25 15:15:26,433 INFO o.a.j.p.h.p.ProxyControl: Add sample /jpetstore/rb_bf90579hna?type=js3&sn=v_4_srv_6_sn_81B28612072E7E9ABA8BF13DBB4111CF_perc_100000_ol_0_mul_1_app-3Aea7c4b59f27d43eb_1&svrid=6&flavor=post&vi=OCQPRMAUUQJKDDPFUUTHAAOVVDNSWJIK-0&modifiedSince=1690272736428&rf=http%3A%2F%2Flocalhost%3A8080%2Fjpetstore%2Factions%2FAccount.action%3Bjsessionid%3D3763EB06F8AB64E11EB4B468267C7C31%3FsignonForm%3D&bp=3&app=ea7c4b59f27d43eb&crc=1189810269&en=n03gc9t4&end=1-22 into controller 
2023-07-25 15:15:28,299 INFO o.a.j.p.h.p.ProxyControl: Add sample /jpetstore/rb_bf90579hna?type=js3&sn=v_4_srv_6_sn_81B28612072E7E9ABA8BF13DBB4111CF_perc_100000_ol_0_mul_1_app-3Aea7c4b59f27d43eb_1&svrid=6&flavor=post&vi=OCQPRMAUUQJKDDPFUUTHAAOVVDNSWJIK-0&modifiedSince=1690272736428&rf=http%3A%2F%2Flocalhost%3A8080%2Fjpetstore%2Factions%2FAccount.action%3Bjsessionid%3D3763EB06F8AB64E11EB4B468267C7C31%3FsignonForm%3D&bp=3&app=ea7c4b59f27d43eb&crc=848499142&en=n03gc9t4&end=1-23 into controller 
2023-07-25 15:15:28,377 INFO o.a.j.p.h.p.ProxyControl: Add sample /jpetstore/rb_bf90579hna?type=js3&sn=v_4_srv_6_sn_81B28612072E7E9ABA8BF13DBB4111CF_perc_100000_ol_0_mul_1_app-3Aea7c4b59f27d43eb_1&svrid=6&flavor=post&vi=OCQPRMAUUQJKDDPFUUTHAAOVVDNSWJIK-0&modifiedSince=1690272736428&rf=http%3A%2F%2Flocalhost%3A8080%2Fjpetstore%2Factions%2FAccount.action%3Bjsessionid%3D3763EB06F8AB64E11EB4B468267C7C31%3FsignonForm%3D&bp=3&app=ea7c4b59f27d43eb&crc=3678969528&en=n03gc9t4&end=1-24 into controller 
2023-07-25 15:15:33,565 INFO o.a.j.p.h.p.ProxyControl: Add sample /jpetstore/actions/Account.action-25 into controller 
2023-07-25 15:15:34,111 INFO o.a.j.p.h.p.ProxyControl: Add sample /jpetstore/actions/Catalog.action-26 into controller 
2023-07-25 15:15:36,281 INFO o.a.j.p.h.p.ProxyControl: [2711]  Creating entry content-signature-2.cdn.mozilla.net in D:\Perfgit\apache-jmeter-5.6.2\bin\proxyserver.jks
2023-07-25 15:15:36,311 INFO o.a.j.p.h.p.ProxyControl: Add sample /jpetstore/rb_bf90579hna?type=js3&sn=v_4_srv_1_sn_81B28612072E7E9ABA8BF13DBB4111CF_perc_100000_ol_0_mul_1_app-3Aea7c4b59f27d43eb_1&svrid=1&flavor=post&vi=OCQPRMAUUQJKDDPFUUTHAAOVVDNSWJIK-0&modifiedSince=1690272736428&rf=http%3A%2F%2Flocalhost%3A8080%2Fjpetstore%2Factions%2FCatalog.action&bp=3&app=ea7c4b59f27d43eb&crc=486795294&en=n03gc9t4&end=1-27 into controller 
2023-07-25 15:15:36,314 INFO o.a.j.p.h.p.Proxy: [2713]  KeyStore for SSL loaded OK and put host 'firefox.settings.services.mozilla.com' in map with key (firefox.settings.services.mozilla.com)
2023-07-25 15:15:36,813 INFO o.a.j.p.h.p.ProxyControl: Add sample /jpetstore/actions/Catalog.action-28 into controller 
2023-07-25 15:15:37,930 WARN o.a.j.p.h.p.Proxy: [2713]  Problem with SSL certificate for url  for 'firefox.settings.services.mozilla.com'? Ensure browser is set to accept the JMeter proxy cert: Received fatal alert: unknown_ca
2023-07-25 15:15:38,391 INFO o.a.j.p.h.p.ProxyControl: Add sample /canonical.html-29 into controller 
2023-07-25 15:15:39,534 INFO o.a.j.p.h.p.ProxyControl: Add sample /success.txt-31 into controller 
2023-07-25 15:15:39,556 INFO o.a.j.p.h.p.ProxyControl: Add sample /jpetstore/actions/Catalog.action-33 into controller 
2023-07-25 15:15:39,581 INFO o.a.j.p.h.p.ProxyControl: Add sample /jpetstore/rb_bf90579hna?type=js3&sn=v_4_srv_5_sn_81B28612072E7E9ABA8BF13DBB4111CF_perc_100000_ol_0_mul_1_app-3Aea7c4b59f27d43eb_1&svrid=5&flavor=post&vi=OCQPRMAUUQJKDDPFUUTHAAOVVDNSWJIK-0&modifiedSince=1690272736428&rf=http%3A%2F%2Flocalhost%3A8080%2Fjpetstore%2Factions%2FCatalog.action%3FviewCategory%3D%26categoryId%3DFISH&bp=3&app=ea7c4b59f27d43eb&crc=3048883766&en=n03gc9t4&end=1-32 into controller 
2023-07-25 15:15:39,770 INFO o.a.j.p.h.p.ProxyControl: Add sample /success.txt-30 into controller 
2023-07-25 15:15:40,919 INFO o.a.j.p.h.p.ProxyControl: Add sample /jpetstore/rb_bf90579hna?type=js3&sn=v_4_srv_7_sn_81B28612072E7E9ABA8BF13DBB4111CF_perc_100000_ol_0_mul_1_app-3Aea7c4b59f27d43eb_1&svrid=7&flavor=post&vi=OCQPRMAUUQJKDDPFUUTHAAOVVDNSWJIK-0&modifiedSince=1690272736428&rf=http%3A%2F%2Flocalhost%3A8080%2Fjpetstore%2Factions%2FCatalog.action%3FviewProduct%3D%26productId%3DFI-SW-01&bp=3&app=ea7c4b59f27d43eb&crc=2145940279&en=n03gc9t4&end=1-34 into controller 
2023-07-25 15:15:41,137 INFO o.a.j.p.h.p.ProxyControl: Add sample /jpetstore/actions/Cart.action-35 into controller 
2023-07-25 15:15:43,024 INFO o.a.j.p.h.p.ProxyControl: Add sample /jpetstore/rb_bf90579hna?type=js3&sn=v_4_srv_1_sn_81B28612072E7E9ABA8BF13DBB4111CF_perc_100000_ol_0_mul_1_app-3Aea7c4b59f27d43eb_1&svrid=1&flavor=post&vi=OCQPRMAUUQJKDDPFUUTHAAOVVDNSWJIK-0&modifiedSince=1690272736428&rf=http%3A%2F%2Flocalhost%3A8080%2Fjpetstore%2Factions%2FCart.action%3FaddItemToCart%3D%26workingItemId%3DEST-1&bp=3&app=ea7c4b59f27d43eb&crc=3166187268&en=n03gc9t4&end=1-36 into controller 
2023-07-25 15:15:44,899 INFO o.a.j.p.h.p.ProxyControl: Add sample /jpetstore/rb_bf90579hna?type=js3&sn=v_4_srv_1_sn_81B28612072E7E9ABA8BF13DBB4111CF_perc_100000_ol_0_mul_1_app-3Aea7c4b59f27d43eb_1&svrid=1&flavor=post&vi=OCQPRMAUUQJKDDPFUUTHAAOVVDNSWJIK-0&modifiedSince=1690272736428&rf=http%3A%2F%2Flocalhost%3A8080%2Fjpetstore%2Factions%2FCart.action%3FaddItemToCart%3D%26workingItemId%3DEST-1&bp=3&app=ea7c4b59f27d43eb&crc=1276658454&en=n03gc9t4&end=1-37 into controller 
2023-07-25 15:15:45,138 INFO o.a.j.p.h.p.ProxyControl: Add sample /jpetstore/actions/Order.action-38 into controller 
2023-07-25 15:15:46,830 INFO o.a.j.p.h.p.ProxyControl: Add sample /jpetstore/rb_bf90579hna?type=js3&sn=v_4_srv_7_sn_81B28612072E7E9ABA8BF13DBB4111CF_perc_100000_ol_0_mul_1_app-3Aea7c4b59f27d43eb_1&svrid=7&flavor=post&vi=OCQPRMAUUQJKDDPFUUTHAAOVVDNSWJIK-0&modifiedSince=1690272736428&rf=http%3A%2F%2Flocalhost%3A8080%2Fjpetstore%2Factions%2FOrder.action%3FnewOrderForm%3D&bp=3&app=ea7c4b59f27d43eb&crc=4208077425&en=n03gc9t4&end=1-39 into controller 
2023-07-25 15:15:47,020 INFO o.a.j.p.h.p.ProxyControl: Add sample /jpetstore/actions/Order.action-40 into controller 
2023-07-25 15:15:48,728 INFO o.a.j.p.h.p.ProxyControl: Add sample /jpetstore/rb_bf90579hna?type=js3&sn=v_4_srv_2_sn_81B28612072E7E9ABA8BF13DBB4111CF_perc_100000_ol_0_mul_1_app-3Aea7c4b59f27d43eb_1&svrid=2&flavor=post&vi=OCQPRMAUUQJKDDPFUUTHAAOVVDNSWJIK-0&modifiedSince=1690272736428&rf=http%3A%2F%2Flocalhost%3A8080%2Fjpetstore%2Factions%2FOrder.action&bp=3&app=ea7c4b59f27d43eb&crc=3096307444&en=n03gc9t4&end=1-41 into controller 
2023-07-25 15:15:50,059 INFO o.a.j.p.h.p.ProxyControl: Add sample /jpetstore/rb_bf90579hna?type=js3&sn=v_4_srv_2_sn_81B28612072E7E9ABA8BF13DBB4111CF_perc_100000_ol_0_mul_1_app-3Aea7c4b59f27d43eb_1&svrid=2&flavor=post&vi=OCQPRMAUUQJKDDPFUUTHAAOVVDNSWJIK-0&modifiedSince=1690272736428&rf=http%3A%2F%2Flocalhost%3A8080%2Fjpetstore%2Factions%2FOrder.action&bp=3&app=ea7c4b59f27d43eb&crc=2090987452&en=n03gc9t4&end=1-42 into controller 
2023-07-25 15:15:50,139 INFO o.a.j.p.h.p.ProxyControl: Add sample /jpetstore/actions/Order.action-43 into controller 
2023-07-25 15:15:52,034 INFO o.a.j.p.h.p.ProxyControl: Add sample /jpetstore/rb_bf90579hna?type=js3&sn=v_4_srv_7_sn_81B28612072E7E9ABA8BF13DBB4111CF_perc_100000_ol_0_mul_1_app-3Aea7c4b59f27d43eb_1&svrid=7&flavor=post&vi=OCQPRMAUUQJKDDPFUUTHAAOVVDNSWJIK-0&modifiedSince=1690272736428&rf=http%3A%2F%2Flocalhost%3A8080%2Fjpetstore%2Factions%2FOrder.action%3FnewOrder%3D%26confirmed%3Dtrue&bp=3&app=ea7c4b59f27d43eb&crc=3729355138&en=n03gc9t4&end=1-44 into controller 
2023-07-25 15:15:52,176 INFO o.a.j.p.h.p.Daemon: HTTP(S) Test Script Recorder stopped
2023-07-25 15:15:55,361 INFO o.a.j.p.h.p.Proxy: [2711]  KeyStore for SSL loaded OK and put host 'content-signature-2.cdn.mozilla.net' in map with key (content-signature-2.cdn.mozilla.net)
2023-07-25 15:15:55,433 WARN o.a.j.p.h.p.Proxy: [2711]  Problem with SSL certificate for url  for 'content-signature-2.cdn.mozilla.net'? Ensure browser is set to accept the JMeter proxy cert: readHandshakeRecord
2023-07-25 15:15:56,395 WARN o.a.j.p.h.p.Proxy: [2765]  Problem with SSL certificate for url  for 'content-signature-2.cdn.mozilla.net'? Ensure browser is set to accept the JMeter proxy cert: Received fatal alert: unknown_ca
2023-07-25 15:23:28,967 INFO o.a.j.e.StandardJMeterEngine: Running the test!
2023-07-25 15:23:28,969 INFO o.a.j.s.SampleEvent: List of sample_variables: []
2023-07-25 15:23:28,990 INFO o.a.j.g.u.JMeterMenuBar: setRunning(true, *local*)
2023-07-25 15:23:29,820 INFO o.a.j.e.StandardJMeterEngine: Starting ThreadGroup: 1 : Thread Group
2023-07-25 15:23:29,821 INFO o.a.j.e.StandardJMeterEngine: Starting 1 threads for group Thread Group.
2023-07-25 15:23:29,823 INFO o.a.j.e.StandardJMeterEngine: Thread will continue on error
2023-07-25 15:23:29,824 INFO o.a.j.t.ThreadGroup: Starting thread group... number=1 threads=1 ramp-up=1 delayedStart=false
2023-07-25 15:23:29,846 INFO o.a.j.t.ThreadGroup: Started thread group number 1
2023-07-25 15:23:29,847 INFO o.a.j.e.StandardJMeterEngine: All thread groups have been started
2023-07-25 15:23:29,854 INFO o.a.j.t.JMeterThread: Thread started: Thread Group 1-1
2023-07-25 15:28:29,831 INFO o.a.j.t.JMeterThread: Stopping because end time detected by thread: Thread Group 1-1
2023-07-25 15:28:29,833 INFO o.a.j.t.JMeterThread: Thread finished: Thread Group 1-1
2023-07-25 15:28:29,841 INFO o.a.j.e.StandardJMeterEngine: Notifying test listeners of end of test
2023-07-25 15:28:29,848 INFO o.a.j.s.FileServer: Default base='D:\Perfgit\apache-jmeter-5.6.2\bin'
2023-07-25 15:28:29,849 INFO o.a.j.g.u.JMeterMenuBar: setRunning(false, *local*)
2023-07-25 17:16:51,648 INFO o.a.j.e.StandardJMeterEngine: Running the test!
2023-07-25 17:16:51,661 INFO o.a.j.s.SampleEvent: List of sample_variables: []
2023-07-25 17:16:51,688 INFO o.a.j.g.u.JMeterMenuBar: setRunning(true, *local*)
2023-07-25 17:16:53,021 INFO o.a.j.e.StandardJMeterEngine: Starting ThreadGroup: 1 : Thread Group
2023-07-25 17:16:53,047 INFO o.a.j.e.StandardJMeterEngine: Starting 1 threads for group Thread Group.
2023-07-25 17:16:53,047 INFO o.a.j.e.StandardJMeterEngine: Thread will continue on error
2023-07-25 17:16:53,048 INFO o.a.j.t.ThreadGroup: Starting thread group... number=1 threads=1 ramp-up=1 delayedStart=false
2023-07-25 17:16:53,053 INFO o.a.j.t.ThreadGroup: Started thread group number 1
2023-07-25 17:16:53,055 INFO o.a.j.e.StandardJMeterEngine: All thread groups have been started
2023-07-25 17:16:53,056 INFO o.a.j.t.JMeterThread: Thread started: Thread Group 1-1
2023-07-25 17:21:53,058 INFO o.a.j.t.JMeterThread: Stopping because end time detected by thread: Thread Group 1-1
2023-07-25 17:21:53,058 INFO o.a.j.t.JMeterThread: Thread finished: Thread Group 1-1
2023-07-25 17:21:53,060 INFO o.a.j.e.StandardJMeterEngine: Notifying test listeners of end of test
2023-07-25 17:21:53,061 INFO o.a.j.g.u.JMeterMenuBar: setRunning(false, *local*)
2023-07-25 17:23:25,792 INFO o.a.j.e.StandardJMeterEngine: Running the test!
2023-07-25 17:23:25,794 INFO o.a.j.s.SampleEvent: List of sample_variables: []
2023-07-25 17:23:25,798 INFO o.a.j.g.u.JMeterMenuBar: setRunning(true, *local*)
2023-07-25 17:23:26,835 INFO o.a.j.e.StandardJMeterEngine: Starting ThreadGroup: 1 : Thread Group
2023-07-25 17:23:26,835 INFO o.a.j.e.StandardJMeterEngine: Starting 1 threads for group Thread Group.
2023-07-25 17:23:26,836 INFO o.a.j.e.StandardJMeterEngine: Thread will continue on error
2023-07-25 17:23:26,836 INFO o.a.j.t.ThreadGroup: Starting thread group... number=1 threads=1 ramp-up=1 delayedStart=false
2023-07-25 17:23:26,838 INFO o.a.j.t.ThreadGroup: Started thread group number 1
2023-07-25 17:23:26,839 INFO o.a.j.e.StandardJMeterEngine: All thread groups have been started
2023-07-25 17:23:26,841 INFO o.a.j.t.JMeterThread: Thread started: Thread Group 1-1
2023-07-25 17:28:26,847 INFO o.a.j.t.JMeterThread: Stopping because end time detected by thread: Thread Group 1-1
2023-07-25 17:28:26,848 INFO o.a.j.t.JMeterThread: Thread finished: Thread Group 1-1
2023-07-25 17:28:26,849 INFO o.a.j.e.StandardJMeterEngine: Notifying test listeners of end of test
2023-07-25 17:28:26,850 INFO o.a.j.g.u.JMeterMenuBar: setRunning(false, *local*)
